perdeuojogo
bemvindeazion
tiktokteamo123
senha1234
injusticaneh
hackerpeganois
cupondashop33
quertc
graceuspnoinsta
baffiniimperatrizfalsa
howboutthis
blackshadowbox
thatreflectsonlysadness
letseewhatkind
ofwitchyouare
pfftimfinehahahawhosamity
youthinkitssoeasytobeawitch
ihavebeenworkingmywholelifetogettothetop
youlostcheatedsayyourenotawitch
imnotawitchbutimtraininghardtobeone
yougoingsoftonmeblight
hahahahinyourdreams
blight123noceda456
aranaparaimperatriztoplinda
zapzumzumzumnnocometaeuvo
1234567890054893
vlnsrxalrz8vmd
123456790uhuhu
abcdefghijklmnopqrstuvwxyz
theowlhouseehtopdmsassistam
ruaarlindobettio1000
salinhadopet210top9876
av1d43hd1f1cils4bi455
disnenovaaminhaseriefavorita
graceuspnoinstagramgalerinha
saopaulosp03828000
43nt1d4d3vcc4gr4d3c3
usplestesaopaulo1000
gracemandanopetepetobedeceograce
z0x1y2w3vt4u5e6s7r8q9p
naotenhomaiscriatividade
