1 8
2 16
3 20
4 24
5 40
6 36
7 48
8 56
9 56
10 68
11 64
12 80
13 92
14 88
15 96
16 96
17 116
18 120
19 120
20 124
21 144
22 136
23 140
24 152
25 168
26 176
27 164
28 168
29 192
30 188
31 208
32 200
33 208
34 228
35 208
36 232
37 228
38 256
39 248
40 236
41 272
42 264
43 288
44 276
45 272
46 296
47 292
48 312
49 304
50 336
51 324
52 312
53 344
54 324
55 376
56 344
57 360
58 364
59 368
60 392
61 388
62 392
63 400
64 388
65 432
66 400
67 424
68 452
69 416
70 448
71 428
72 480
73 464
74 464
75 476
76 480
77 496
78 476
79 496
80 520
81 500
82 536
83 504
84 536
85 548
86 544
87 552
88 524
89 600
90 552
91 576
92 580
93 584
94 608
95 580
96 600
97 632
98 608
99 644
100 608
101 664
102 644
103 624
104 672
105 644
106 696
107 672
108 664
109 684
110 688
111 720
112 700
113 712
114 744
115 720
116 716
117 736
118 752
119 756
120 752
121 736
122 772
123 824
124 752
125 808
126 756
127 816
128 824
129 788
130 840
131 808
132 864
133 844
134 800
135 880
136 852
137 872
138 864
139 852
140 912
141 872
142 896
143 900
144 912
145 936
146 908
147 912
148 952
149 944
150 948
151 920
152 976
153 948
154 1000
155 960
156 976
157 1020
158 960
159 1000
160 1004
161 1056
162 1024
163 996
164 1040
165 1032
166 1080
167 1028
168 1024
169 1096
170 1076
171 1080
172 1064
173 1112
174 1108
175 1080
176 1112
177 1084
178 1152
179 1136
180 1108
181 1144
182 1168
183 1176
184 1116
185 1168
186 1200
187 1172
188 1184
189 1168
190 1192
191 1228
192 1176
193 1248
194 1196
195 1248
196 1248
197 1224
198 1260
199 1232
200 1296
201 1236
202 1240
203 1328
204 1268
205 1320
206 1264
207 1304
208 1324
209 1304
210 1312
211 1348
212 1336
213 1344
214 1344
215 1324
216 1384
217 1376
218 1356
219 1384
220 1384
221 1396
222 1424
223 1376
224 1432
225 1396
226 1424
227 1416
228 1452
229 1496
230 1400
231 1440
232 1452
233 1472
234 1512
235 1444
236 1480
237 1520
238 1452
239 1536
240 1464
241 1568
242 1548
243 1512
244 1552
245 1492
246 1616
247 1544
248 1528
249 1564
250 1552
251 1600
252 1580
253 1592
254 1616
255 1624
256 1596
257 1592
258 1656
259 1620
260 1640
261 1640
262 1644
263 1656
264 1640
265 1704
266 1668
267 1664
268 1712
269 1676
270 1688
271 1728
272 1728
273 1708
274 1688
275 1768
276 1724
277 1760
278 1736
279 1748
280 1784
281 1744
282 1776
283 1772
284 1816
285 1800
286 1764
287 1816
288 1808
289 1832
290 1860
291 1752
292 1904
293 1836
294 1848
295 1840
296 1888
297 1892
298 1832
299 1872
300 1884
301 1888
302 1952
303 1868
304 1896
305 1960
306 1896
307 1940
308 1896
309 2024
310 1924
311 1960
312 1936
313 1968
314 2028
315 1976
316 1968
317 1996
318 2016
319 1992
320 1988
321 2016
322 2056
323 2040
324 1996
325 2064
326 2064
327 2084
328 2080
329 2032
330 2088
331 2052
332 2064
333 2160
334 2076
335 2120
336 2088
337 2072
338 2204
339 2120
340 2176
341 2124
342 2112
343 2224
344 2108
345 2216
346 2152
347 2192
348 2180
349 2152
350 2224
351 2228
352 2224
353 2232
354 2184
355 2276
356 2200
357 2296
358 2228
359 2224
360 2312
361 2228
362 2304
363 2240
364 2336
365 2308
366 2304
367 2288
368 2316
369 2352
370 2320
371 2312
372 2332
373 2344
374 2400
375 2332
376 2344
377 2400
378 2356
379 2400
380 2336
381 2440
382 2420
383 2400
384 2416
385 2412
386 2464
387 2400
388 2448
389 2460
390 2432
391 2488
392 2420
393 2488
394 2528
395 2440
396 2508
397 2440
398 2576
399 2500
400 2496
401 2560
402 2492
403 2568
404 2512
405 2528
406 2604
407 2520
408 2600
409 2524
410 2584
411 2616
412 2584
413 2588
414 2584
415 2680
416 2588
417 2600
418 2592
419 2676
420 2656
421 2648
422 2672
423 2644
424 2672
425 2688
426 2652
427 2712
428 2696
429 2680
430 2660
431 2680
432 2800
433 2700
434 2760
435 2696
436 2736
437 2780
438 2744
439 2800
440 2756
441 2768
442 2768
443 2724
444 2864
445 2784
446 2824
447 2804
448 2728
449 2904
450 2852
451 2848
452 2824
453 2832
454 2876
455 2816
456 2912
457 2892
458 2872
459 2888
460 2836
461 2936
462 2880
463 2944
464 2916
465 2920
466 2968
467 2884
468 2952
469 2952
470 2984
471 2972
472 2928
473 2960
474 3020
475 3016
476 2952
477 2948
478 3064
479 2992
480 3040
481 3012
482 3056
483 3056
484 2980
485 3096
486 2984
487 3168
488 3092
489 3008
490 3072
491 3068
492 3112
493 3120
494 3064
495 3188
496 3056
497 3168
498 3116
499 3128
500 3184
501 3092
502 3160
503 3128
504 3208
505 3204
506 3160
507 3232
508 3172
509 3192
510 3184
511 3232
512 3260
513 3208
514 3240
515 3204
516 3264
517 3256
518 3236
519 3280
520 3248
521 3328
522 3244
523 3304
524 3280
525 3332
526 3288
527 3288
528 3336
529 3324
530 3344
531 3376
532 3276
533 3408
534 3328
535 3352
536 3428
537 3296
538 3480
539 3332
540 3400
541 3352
542 3428
543 3456
544 3376
545 3464
546 3468
547 3384
548 3496
549 3404
550 3504
551 3464
552 3424
553 3524
554 3408
555 3584
556 3468
557 3504
558 3480
559 3484
560 3600
561 3480
562 3536
563 3588
564 3512
565 3568
566 3532
567 3560
568 3608
569 3600
570 3548
571 3592
572 3584
573 3604
574 3584
575 3592
576 3656
577 3644
578 3632
579 3664
580 3676
581 3664
582 3640
583 3612
584 3712
585 3664
586 3728
587 3644
588 3696
589 3744
590 3636
591 3736
592 3712
593 3792
594 3724
595 3680
596 3760
597 3820
598 3744
599 3744
600 3692
601 3912
602 3744
603 3768
604 3820
605 3760
606 3896
607 3796
608 3784
609 3768
610 3952
611 3836
612 3808
613 3832
614 3868
615 3880
616 3864
617 3892
618 3936
619 3856
620 3912
621 3852
622 3944
623 3928
624 3876
625 3976
626 3944
627 3944
628 3932
629 3960
630 3976
631 3948
632 3992
633 3944
634 3968
635 4060
636 3992
637 4000
638 3964
639 4048
640 4032
641 3972
642 4096
643 4016
644 4088
645 4036
646 3976
647 4136
648 4084
649 4096
650 4104
651 4048
652 4180
653 4024
654 4192
655 4052
656 4112
657 4176
658 4068
659 4184
660 4176
661 4168
662 4140
663 4128
664 4168
665 4220
666 4208
667 4224
668 4152
669 4228
670 4176
671 4208
672 4220
673 4240
674 4264
675 4216
676 4252
677 4304
678 4280
679 4252
680 4272
681 4184
682 4364
683 4304
684 4280
685 4328
686 4316
687 4280
688 4344
689 4300
690 4416
691 4336
692 4344
693 4404
694 4280
695 4392
696 4348
697 4400
698 4416
699 4356
700 4424
701 4376
702 4408
703 4484
704 4376
705 4448
706 4388
707 4536
708 4472
709 4416
710 4452
711 4472
712 4496
713 4452
714 4464
715 4552
716 4452
717 4568
718 4456
719 4512
720 4556
721 4536
722 4528
723 4508
724 4640
725 4536
726 4560
727 4556
728 4584
729 4640
730 4548
731 4568
732 4600
733 4648
734 4636
735 4560
736 4608
737 4668
738 4640
739 4680
740 4588
741 4736
742 4624
743 4688
744 4620
745 4656
746 4760
747 4676
748 4712
749 4752
750 4704
751 4716
752 4672
753 4728
754 4788
755 4736
756 4736
757 4700
758 4896
759 4736
760 4784
761 4804
762 4760
763 4808
764 4796
765 4832
766 4832
767 4800
768 4796
769 4776
770 4848
771 4940
772 4864
773 4832
774 4824
775 4892
776 4928
777 4880
778 4828
779 4968
780 4856
781 4892
782 4936
783 4936
784 4936
785 4900
786 4904
787 4960
788 5004
789 5032
790 4888
791 4960
792 5028
793 4912
794 5040
795 4924
796 5104
797 5016
798 4924
799 5104
800 4984
801 5088
802 5044
803 4992
804 5112
805 5028
806 5064
807 5080
808 5056
809 5148
810 5016
811 5144
812 5052
813 5176
814 5136
815 5052
816 5144
817 5112
818 5224
819 5092
820 5160
821 5208
822 5164
823 5168
824 5144
825 5208
826 5220
827 5096
828 5240
829 5204
830 5296
831 5208
832 5200
833 5244
834 5240
835 5256
836 5236
837 5224
838 5344
839 5252
840 5304
841 5248
842 5304
843 5348
844 5264
845 5344
846 5252
847 5416
848 5328
849 5272
850 5348
851 5336
852 5416
853 5364
854 5336
855 5376
856 5340
857 5448
858 5360
859 5408
860 5436
861 5392
862 5432
863 5340
864 5512
865 5440
866 5416
867 5420
868 5472
869 5528
870 5460
871 5512
872 5480
873 5456
874 5452
875 5480
876 5560
877 5508
878 5552
879 5464
880 5436
881 5664
882 5528
883 5584
884 5484
885 5568
886 5664
887 5492
888 5648
889 5608
890 5616
891 5580
892 5448
893 5776
894 5580
895 5632
896 5632
897 5516
898 5800
899 5560
900 5712
901 5668
902 5664
903 5728
904 5596
905 5680
906 5800
907 5664
908 5716
909 5632
910 5736
911 5764
912 5736
913 5736
914 5672
915 5876
916 5664
917 5760
918 5788
919 5872
920 5752
921 5748
922 5784
923 5792
924 5848
925 5804
926 5832
927 5800
928 5828
929 5896
930 5800
931 5880
932 5876
933 5832
934 5896
935 5812
936 5960
937 5872
938 5844
939 5960
940 5872
941 5944
942 5892
943 5968
944 5976
945 5908
946 5944
947 5872
948 5976
949 6052
950 5944
951 5992
952 5900
953 6064
954 5992
955 5932
956 6056
957 6008
958 6064
959 5988
960 5968
961 6176
962 6012
963 6064
964 5992
965 6104
966 6108
967 6048
968 6136
969 5996
970 6168
971 6128
972 6072
973 6076
974 6176
975 6160
976 6100
977 6104
978 6144
979 6196
980 6168
981 6112
982 6256
983 6148
984 6168
985 6176
986 6132
987 6344
988 6136
989 6248
990 6156
991 6256
992 6296
993 6220
994 6280
995 6232
996 6188
997 6320
998 6208
999 6376
1000 6300
1001 6240
1002 6344
1003 6228
1004 6424
1005 6248
1006 6256
1007 6380
1008 6288
1009 6392
1010 6308
1011 6368
1012 6424
1013 6320
1014 6396
1015 6376
1016 6440
1017 6404
1018 6416
1019 6328
1020 6420
1021 6424
1022 6424
1023 6424
1024 6372
1025 6520
1026 6464
1027 6388
1028 6472
1029 6528
1030 6504
1031 6428
1032 6464
1033 6552
1034 6492
1035 6528
1036 6448
1037 6476
1038 6584
1039 6480
1040 6584
1041 6508
1042 6632
1043 6560
1044 6524
1045 6528
1046 6568
1047 6640
1048 6588
1049 6552
1050 6664
1051 6604
1052 6576
1053 6568
1054 6612
1055 6728
1056 6592
1057 6688
1058 6556
1059 6672
1060 6760
1061 6620
1062 6712
1063 6680
1064 6672
1065 6676
1066 6656
1067 6816
1068 6692
1069 6704
1070 6680
1071 6736
1072 6836
1073 6688
1074 6736
1075 6732
1076 6808
1077 6760
1078 6700
1079 6800
1080 6856
1081 6824
1082 6740
1083 6736
1084 6904
1085 6868
1086 6824
1087 6752
1088 6856
1089 6860
1090 6832
1091 6888
1092 6828
1093 6968
1094 6840
1095 6788
1096 6912
1097 6928
1098 6960
1099 6876
1100 6856
1101 6984
1102 6860
1103 6992
1104 6880
1105 7008
1106 7004
1107 6848
1108 7000
1109 6972
1110 7016
1111 6984
1112 6904
1113 7012
1114 7048
1115 7064
1116 6972
1117 6936
1118 7072
1119 7004
1120 7048
1121 7048
1122 7104
1123 7068
1124 7032
1125 7088
1126 7100
1127 7112
1128 7040
1129 7088
1130 7060
1131 7192
1132 7120
1133 7076
1134 7120
1135 7144
1136 7116
1137 7208
1138 7064
1139 7232
1140 7172
1141 7152
1142 7152
1143 7188
1144 7224
1145 7168
1146 7216
1147 7212
1148 7224
1149 7256
1150 7140
1151 7200
1152 7344
1153 7232
1154 7332
1155 7144
1156 7344
1157 7284
1158 7232
1159 7264
1160 7292
1161 7408
1162 7264
1163 7280
1164 7292
1165 7320
1166 7376
1167 7292
1168 7320
1169 7368
1170 7360
1171 7356
1172 7328
1173 7488
1174 7332
1175 7360
1176 7336
1177 7436
1178 7480
1179 7384
1180 7392
1181 7380
1182 7448
1183 7512
1184 7396
1185 7424
1186 7480
1187 7488
1188 7364
1189 7464
1190 7600
1191 7452
1192 7528
1193 7432
1194 7484
1195 7632
1196 7440
1197 7536
1198 7532
1199 7520
1200 7576
1201 7388
1202 7664
1203 7648
1204 7568
1205 7588
1206 7376
1207 7768
1208 7580
1209 7584
1210 7600
1211 7584
1212 7684
1213 7592
1214 7640
1215 7668
1216 7560
1217 7704
1218 7548
1219 7640
1220 7792
1221 7680
1222 7684
1223 7568
1224 7776
1225 7684
1226 7752
1227 7632
1228 7840
1229 7668
1230 7728
1231 7680
1232 7772
1233 7824
1234 7752
1235 7716
1236 7768
1237 7792
1238 7832
1239 7732
1240 7752
1241 7832
1242 7796
1243 7872
1244 7744
1245 7904
1246 7836
1247 7736
1248 7872
1249 7804
1250 7952
1251 7840
1252 7832
1253 7972
1254 7800
1255 7984
1256 7820
1257 7848
1258 8032
1259 7788
1260 8008
1261 7824
1262 8016
1263 7988
1264 7840
1265 7984
1266 7932
1267 8040
1268 7960
1269 7920
1270 8036
1271 7960
1272 8064
1273 7916
1274 7936
1275 8152
1276 7980
1277 8048
1278 7944
1279 8120
1280 8044
1281 8000
1282 8048
1283 8108
1284 8120
1285 8056
1286 8072
1287 8068
1288 8112
1289 8120
1290 8044
1291 8072
1292 8176
1293 8108
1294 8200
1295 8048
1296 8264
1297 8084
1298 8160
1299 8120
1300 8196
1301 8264
1302 8136
1303 8216
1304 8204
1305 8160
1306 8272
1307 8156
1308 8280
1309 8280
1310 8136
1311 8236
1312 8184
1313 8336
1314 8276
1315 8200
1316 8256
1317 8268
1318 8376
1319 8240
1320 8256
1321 8356
1322 8296
1323 8304
1324 8276
1325 8408
1326 8400
1327 8336
1328 8252
1329 8296
1330 8400
1331 8404
1332 8400
1333 8320
1334 8420
1335 8432
1336 8328
1337 8464
1338 8364
1339 8472
1340 8400
1341 8364
1342 8480
1343 8424
1344 8512
1345 8420
1346 8336
1347 8600
1348 8364
1349 8600
1350 8408
1351 8544
1352 8540
1353 8440
1354 8520
1355 8548
1356 8576
1357 8528
1358 8404
1359 8616
1360 8536
1361 8544
1362 8524
1363 8448
1364 8760
1365 8572
1366 8600
1367 8496
1368 8664
1369 8636
1370 8544
1371 8672
1372 8572
1373 8688
1374 8664
1375 8540
1376 8744
1377 8616
1378 8664
1379 8572
1380 8696
1381 8800
1382 8668
1383 8704
1384 8552
1385 8832
1386 8716
1387 8680
1388 8672
1389 8780
1390 8784
1391 8688
1392 8684
1393 8840
1394 8808
1395 8744
1396 8676
1397 8808
1398 8872
1399 8804
1400 8800
1401 8632
1402 8920
1403 8812
1404 8784
1405 8864
1406 8852
1407 8904
1408 8832
1409 8808
1410 8884
1411 8832
1412 8936
1413 8852
1414 8920
1415 8896
1416 8844
1417 9000
1418 8808
1419 9000
1420 8884
1421 8904
1422 8920
1423 8956
1424 9040
1425 8896
1426 8968
1427 8932
1428 8984
1429 9008
1430 8948
1431 9064
1432 8952
1433 9020
1434 8992
1435 8976
1436 9160
1437 8932
1438 9080
1439 9016
1440 8996
1441 9152
1442 8984
1443 9096
1444 9116
1445 9048
1446 9208
1447 8932
1448 9248
1449 9072
1450 9072
1451 9156
1452 8960
1453 9272
1454 9156
1455 9096
1456 9176
1457 9124
1458 9264
1459 9064
1460 9120
1461 9292
1462 9096
1463 9312
1464 9132
1465 9256
1466 9256
1467 9192
1468 9220
1469 9184
1470 9264
1471 9260
1472 9232
1473 9208
1474 9340
1475 9264
1476 9232
1477 9256
1478 9332
1479 9352
1480 9264
1481 9300
1482 9344
1483 9280
1484 9328
1485 9316
1486 9384
1487 9432
1488 9308
1489 9320
1490 9288
1491 9424
1492 9412
1493 9312
1494 9424
1495 9404
1496 9432
1497 9392
1498 9372
1499 9544
1500 9360
1501 9440
1502 9316
1503 9504
1504 9568
1505 9428
1506 9440
1507 9392
1508 9512
1509 9516
1510 9416
1511 9592
1512 9492
1513 9520
1514 9536
1515 9404
1516 9656
1517 9528
1518 9568
1519 9500
1520 9504
1521 9624
1522 9572
1523 9536
1524 9512
1525 9680
1526 9612
1527 9504
1528 9632
1529 9700
1530 9616
1531 9568
1532 9492
1533 9696
1534 9632
1535 9776
1536 9588
1537 9696
1538 9624
1539 9692
1540 9688
1541 9576
1542 9856
1543 9580
1544 9704
1545 9752
1546 9732
1547 9816
1548 9648
1549 9688
1550 9812
1551 9680
1552 9760
1553 9788
1554 9752
1555 9848
1556 9644
1557 9824
1558 9760
1559 9832
1560 9884
1561 9672
1562 9888
1563 9828
1564 9840
1565 9856
1566 9728
1567 9956
1568 9880
1569 9848
1570 9828
1571 9952
1572 9920
1573 9788
1574 9864
1575 9888
1576 9984
1577 9940
1578 9912
1579 9848
1580 9924
1581 9968
1582 9872
1583 9984
1584 9956
1585 9968
1586 10016
1587 9892
1588 10016
1589 9992
1590 10016
1591 9988
1592 10024
1593 10064
1594 9940
1595 10008
1596 10040
1597 10068
1598 10088
1599 9976
1600 10064
1601 10068
1602 10032
1603 10176
1604 9972
1605 10152
1606 10040
1607 10096
1608 10164
1609 10056
1610 10288
1611 10012
1612 10128
1613 10096
1614 10100
1615 10320
1616 10032
1617 10200
1618 10236
1619 10024
1620 10280
1621 10076
1622 10360
1623 10160
1624 10136
1625 10244
1626 10208
1627 10312
1628 10204
1629 10208
1630 10248
1631 10204
1632 10272
1633 10272
1634 10216
1635 10356
1636 10328
1637 10256
1638 10148
1639 10448
1640 10328
1641 10336
1642 10252
1643 10304
1644 10392
1645 10292
1646 10408
1647 10328
1648 10352
1649 10396
1650 10280
1651 10408
1652 10396
1653 10392
1654 10400
1655 10244
1656 10536
1657 10400
1658 10504
1659 10372
1660 10440
1661 10504
1662 10332
1663 10464
1664 10496
1665 10480
1666 10476
1667 10424
1668 10488
1669 10532
1670 10464
1671 10536
1672 10396
1673 10608
1674 10520
1675 10520
1676 10508
1677 10632
1678 10536
1679 10420
1680 10592
1681 10544
1682 10760
1683 10500
1684 10488
1685 10624
1686 10612
1687 10664
1688 10544
1689 10584
1690 10764
1691 10528
1692 10696
1693 10508
1694 10752
1695 10672
1696 10548
1697 10728
1698 10656
1699 10712
1700 10700
1701 10560
1702 10800
1703 10660
1704 10784
1705 10656
1706 10688
1707 10884
1708 10672
1709 10768
1710 10652
1711 10832
1712 10696
1713 10668
1714 10864
1715 10784
1716 10792
1717 10804
1718 10704
1719 10952
1720 10756
1721 10888
1722 10768
1723 10720
1724 10940
1725 10816
1726 10880
1727 10788
1728 10896
1729 10856
1730 10856
1731 10940
1732 10864
1733 10888
1734 10876
1735 10912
1736 10928
1737 10932
1738 10912
1739 10872
1740 11016
1741 10948
1742 10928
1743 10920
1744 10908
1745 11088
1746 10896
1747 11064
1748 10924
1749 10976
1750 11080
1751 10932
1752 11056
1753 11040
1754 10924
1755 11144
1756 10896
1757 11136
1758 11068
1759 11016
1760 11080
1761 10860
1762 11280
1763 11096
1764 11088
1765 11060
1766 11040
1767 11160
1768 11124
1769 11104
1770 11168
1771 11044
1772 11264
1773 11072
1774 11160
1775 11156
1776 11152
1777 11176
1778 11092
1779 11312
1780 11064
1781 11304
1782 11140
1783 11264
1784 11168
1785 11140
1786 11200
1787 11320
1788 11328
1789 11236
1790 11152
1791 11312
1792 11196
1793 11328
1794 11248
1795 11132
1796 11512
1797 11176
1798 11288
1799 11268
1800 11376
1801 11392
1802 11220
1803 11424
1804 11360
1805 11400
1806 11284
1807 11264
1808 11488
1809 11332
1810 11392
1811 11352
1812 11268
1813 11608
1814 11312
1815 11440
1816 11284
1817 11464
1818 11536
1819 11348
1820 11496
1821 11392
1822 11440
1823 11468
1824 11368
1825 11616
1826 11412
1827 11464
1828 11496
1829 11408
1830 11652
1831 11488
1832 11552
1833 11412
1834 11584
1835 11512
1836 11532
1837 11560
1838 11592
1839 11584
1840 11508
1841 11488
1842 11656
1843 11604
1844 11624
1845 11472
1846 11632
1847 11644
1848 11584
1849 11688
1850 11524
1851 11744
1852 11624
1853 11588
1854 11728
1855 11592
1856 11776
1857 11580
1858 11616
1859 11744
1860 11612
1861 11832
1862 11664
1863 11712
1864 11812
1865 11552
1866 11744
1867 11732
1868 11816
1869 11808
1870 11556
1871 11800
1872 11800
1873 11800
1874 11788
1875 11672
1876 11856
1877 11844
1878 11792
1879 11824
1880 11880
1881 11772
1882 11816
1883 11800
1884 11708
1885 12080
1886 11800
1887 11864
1888 11788
1889 11872
1890 11944
1891 11820
1892 11880
1893 11968
1894 11844
1895 11968
1896 11832
1897 12000
1898 11876
1899 11920
1900 12048
1901 11844
1902 12024
1903 11896
1904 12048
1905 11916
1906 12000
1907 11984
1908 11900
1909 12080
1910 12072
1911 11940
1912 12048
1913 11952
1914 12120
1915 12028
1916 11952
1917 12128
1918 11932
1919 12248
1920 11944
1921 12072
1922 12100
1923 12040
1924 12184
1925 12052
1926 12120
1927 12096
1928 12104
1929 12204
1930 12056
1931 12176
1932 12172
1933 12080
1934 12136
1935 12188
1936 12224
1937 12208
1938 12072
1939 12108
1940 12208
1941 12272
1942 12244
1943 12168
1944 12216
1945 12304
1946 12140
1947 12256
1948 12280
1949 12252
1950 12304
1951 12152
1952 12252
1953 12392
1954 12184
1955 12360
1956 12172
1957 12336
1958 12360
1959 12244
1960 12392
1961 12360
1962 12344
1963 12292
1964 12160
1965 12536
1966 12348
1967 12344
1968 12336
1969 12304
1970 12524
1971 12304
1972 12416
1973 12380
1974 12432
1975 12480
1976 12308
1977 12400
1978 12472
1979 12472
1980 12412
1981 12376
1982 12600
1983 12404
1984 12504
1985 12456
1986 12560
1987 12428
1988 12448
1989 12536
1990 12492
1991 12632
1992 12488
1993 12396
1994 12584
1995 12560
1996 12656
1997 12396
1998 12472
1999 12760
